0.001431
0.000881
0.000880
0.000871
0.000881
0.000880
0.000871
0.000881
0.000880
0.000881
0.000880
0.000871
0.000881
0.000880
0.000881
0.000881
0.001231
0.000871
0.000880
0.000881
0.000880
0.000881
0.000871
0.000880
0.000881
0.000871
0.000880
0.000881
0.000880
0.000881
0.000871
0.001231
0.000881
0.000880
0.000881
0.000881
0.000870
0.000881
0.000880
0.000871
0.000881
0.000880
0.000871
0.000881
0.000881
0.000871
0.001231
0.000881
0.000880
0.000871
0.000881
0.000880
0.000871
0.000881
0.000881
0.000871
0.000880
0.000881
0.000881
0.000880
0.000881
0.001231
0.000881
0.000870
0.000881
0.000881
0.000870
0.000881
0.000881
0.000870
0.000881
0.000881
0.000881
0.000881
0.000880
0.000881
0.001231
0.000871
0.000881
0.000880
0.000881
0.000880
0.000871
0.000891
0.000870
0.000881
0.000881
0.000880
0.000881
0.000870
0.000881
0.001231
0.000881
0.000881
0.000880
0.000891
0.000881
0.000870
0.000881
0.000880
0.000881
0.000881
0.000870
0.000881
0.000881
0.000870
0.001241
0.000870
0.000881
0.000880
0.000871
0.000881
0.000880
0.000871
0.000881
0.000880
0.000881
0.000880
0.000891
0.000871
0.000880
0.001231
0.000870
0.000881
0.000881
0.000870
0.000881
0.000880
0.000871
0.000881
0.000880
0.000881
0.000871
0.000880
0.000881
0.000870
0.001231
0.000880
0.000881
0.000881
0.000880
0.000901
0.000901
0.000881
0.000871
0.000880
0.000881
0.000871
0.000880
0.000881
0.000880
0.001231
0.000870
0.000881
0.000881
0.000880
0.000881
0.000881
0.000880
0.000891
0.000880
0.000881
0.000871
0.000880
0.000881
0.000881
0.001231
0.000871
0.000880
0.000881
0.000870
0.000881
0.000881
0.000870
0.000881
0.000881
0.000870
0.000881
0.000870
0.000881
0.000881
0.001231
0.000871
0.000880
0.000881
0.000891
0.000881
0.000881
0.000880
0.000881
0.000881
0.000870
0.000881
0.000881
0.000871
0.000881
0.001231
0.000881
0.000880
0.000881
0.000881
0.000870
0.000881
0.000881
0.000881
0.000881
0.000880
0.000871
0.000881
0.000880
0.000881
0.001231
0.000871
0.000880
0.000881
0.000871
0.000880
0.000881
0.000871
0.000880
0.000881
0.000870
0.000881
0.000891
0.000880
0.000871
0.001231
0.000881
0.000871
0.000880
0.000881
0.000880
0.000881
0.000871
0.000880
0.000901
0.000881
0.000871
0.000881
0.000880
0.000891
0.001231
0.000881
0.000881
0.000880
0.000901
0.000881
0.000881
0.000881
0.000880
0.000891
0.000881
0.000880
0.000881
0.000911
0.001041
0.001231
0.000881
0.000881
0.000870
0.000891
0.000880
0.000881
0.000871
0.000900
0.000881
0.000881
0.000870
0.000881
0.000870
0.000891
0.001231
0.000871
0.000901
0.000880
0.000881
0.000891
0.000871
0.000881
0.000880
0.000871
0.000881
0.000880
0.000881
0.000891
0.000881
0.001231
0.000881
0.000871
0.000880
0.000881
0.000871
0.000880
0.000871
0.001030
0.000871
0.000881
0.000890
0.000891
0.000880
0.000881
0.001231
0.000881
0.000881
0.000880
0.000881
0.000871
0.000881
0.000881
0.000870
0.000881
0.000881
0.000870
0.000881
0.000881
0.000871
0.001241
0.000881
0.000871
0.000890
0.000881
0.000891
0.000880
0.000881
0.000870
0.000881
0.000881
0.000880
0.000881
0.000881
0.000880
0.001231
0.000870
0.000881
0.000880
0.000881
0.000881
0.000880
0.000871
0.000881
0.000890
0.000871
0.000880
0.000881
0.000871
0.000880
0.001231
0.000870
0.000891
0.000881
0.001031
0.000881
0.000880
0.000871
0.000891
0.000881
0.000871
0.000880
0.000881
0.000871
0.000900
0.001241
0.000880
0.000881
0.000871
0.000881
0.000881
0.000870
0.000881
0.000881
0.000880
0.000881
0.000881
0.000871
0.000891
0.000880
0.001281
0.000880
0.000881
0.000871
0.000880
0.000891
0.001020
0.000871
0.000881
0.000880
0.000881
0.000880
0.000871
0.000881
0.000890
0.001231
0.000880
0.000871
0.000891
0.000880
0.000871
0.000880
0.001041
0.000881
0.000880
0.000871
0.000880
0.000901
0.000881
0.000890
0.001231
0.000880
0.000881
0.000881
0.000881
0.000881
0.000880
0.000881
0.001021
0.000870
0.000901
0.000890
0.000881
0.000881
0.000890
0.001231
0.001021
0.000871
0.000880
0.000881
0.000891
0.000880
0.000881
0.000870
0.000891
0.000881
0.000880
0.000881
0.000881
0.000890
0.001231
0.000880
0.001041
0.000880
0.000881
0.000871
0.000880
0.000951
0.000870
0.000891
0.000871
0.000880
0.000881
0.000871
0.001011
0.001241
0.000891
0.000881
0.000880
0.000921
0.000880
0.000921
0.000881
0.000890
0.000891
0.000871
0.001021
0.000871
0.000890
0.000881
0.001251
0.000891
0.000881
0.000881
0.001041
0.000890
0.000891
0.000890
0.000871
0.000881
0.000870
0.000881
0.000901
0.000880
0.000871
0.001230
0.000891
0.000890
0.000871
0.000881
0.001021
0.000891
0.000880
0.000881
0.000871
0.000880
0.000881
0.000880
0.000881
0.000871
0.000880
0.001161
0.000880
0.000881
